<?xml version="1.0" encoding="UTF-8"?>
<!-- Generated by org.testng.reporters.JUnitReportReporter -->
<testsuite skipped="0" hostname="chandu-pc" name="Tests.MTWebElementsTest" tests="1" failures="0" timestamp="07 Nov 2017 01:46:19 GMT" time="9.238" errors="0">
  <testcase name="testDropdown" time="9.238" classname="Tests.MTWebElementsTest"/>
</testsuite> <!-- Tests.MTWebElementsTest -->
