<?xml version="1.0" encoding="UTF-8"?>
<!-- Generated by org.testng.reporters.JUnitReportReporter -->
<testsuite skipped="0" hostname="chandu-pc" name="Tests.EbayTest" tests="1" failures="0" timestamp="24 Oct 2017 12:58:36 GMT" time="14.973" errors="0">
  <testcase name="testHomeMenuEnabled" time="14.973" classname="Tests.EbayTest"/>
</testsuite> <!-- Tests.EbayTest -->
