<?xml version="1.0" encoding="UTF-8"?>
<!-- Generated by org.testng.reporters.JUnitReportReporter -->
<testsuite skipped="0" hostname="chandu-pc" name="Tests.TablesAndFramesTest" tests="1" failures="0" timestamp="07 Nov 2017 20:22:02 GMT" time="55.269" errors="0">
  <testcase name="testVerifyStructureNames" time="55.269" classname="Tests.TablesAndFramesTest"/>
</testsuite> <!-- Tests.TablesAndFramesTest -->
